<?xml version="1.0" encoding="UTF-8"?>
<testsuite name="TestSuite" time="3,585.985" tests="40" errors="0" skipped="0" failures="0">
  <properties>
    <property name="java.vendor" value="Oracle Corporation"/>
    <property name="JOB_NAME" value="BMS-Automation-Component_17_July_VPN"/>
    <property name="sun.java.launcher" value="SUN_STANDARD"/>
    <property name="NUMBER_OF_PROCESSORS" value="2"/>
    <property name="sun.management.compiler" value="HotSpot 64-Bit Tiered Compilers"/>
    <property name="JENKINS_HOME" value="C:\Program Files (x86)\Jenkins"/>
    <property name="HUDSON_SERVER_COOKIE" value="4184f2862d090a51"/>
    <property name="os.name" value="Windows 10"/>
    <property name="sun.boot.class.path" value="C:\Program Files\Java\jdk1.8.0_171\jre\lib\resources.jar;C:\Program Files\Java\jdk1.8.0_171\jre\lib\rt.jar;C:\Program Files\Java\jdk1.8.0_171\jre\lib\sunrsasign.jar;C:\Program Files\Java\jdk1.8.0_171\jre\lib\jsse.jar;C:\Program Files\Java\jdk1.8.0_171\jre\lib\jce.jar;C:\Program Files\Java\jdk1.8.0_171\jre\lib\charsets.jar;C:\Program Files\Java\jdk1.8.0_171\jre\lib\jfr.jar;C:\Program Files\Java\jdk1.8.0_171\jre\classes"/>
    <property name="EXECUTOR_NUMBER" value="0"/>
    <property name="sun.desktop" value="windows"/>
    <property name="PATHEXT" value=".COM;.EXE;.BAT;.CMD;.VBS;.VBE;.JS;.JSE;.WSF;.WSH;.MSC"/>
    <property name="java.vm.specification.vendor" value="Oracle Corporation"/>
    <property name="NODE_LABELS" value="master"/>
    <property name="TEMP" value="C:\windows\TEMP"/>
    <property name="java.runtime.version" value="1.8.0_171-b11"/>
    <property name="WINSW_SERVICE_ID" value="Jenkins"/>
    <property name="user.name" value="HDC3-D-514SM17$"/>
    <property name="guice.disable.misplaced.annotation.check" value="true"/>
    <property name="CommonProgramW6432" value="C:\Program Files\Common Files"/>
    <property name="ProgramFiles" value="C:\Program Files (x86)"/>
    <property name="user.language" value="en"/>
    <property name="JOB_BASE_NAME" value="BMS-Automation-Component_17_July_VPN"/>
    <property name="RUN_CHANGES_DISPLAY_URL" value="http://localhost:8080/job/BMS-Automation-Component_17_July_VPN/1/display/redirect?page=changes"/>
    <property name="BUILD_DISPLAY_NAME" value="#1"/>
    <property name="sun.boot.library.path" value="C:\Program Files\Java\jdk1.8.0_171\jre\bin"/>
    <property name="LOCALAPPDATA" value="C:\windows\system32\config\systemprofile\AppData\Local"/>
    <property name="java.version" value="1.8.0_171"/>
    <property name="PROCESSOR_LEVEL" value="21"/>
    <property name="user.timezone" value="Asia/Calcutta"/>
    <property name="USERNAME" value="HDC3-D-514SM17$"/>
    <property name="sun.arch.data.model" value="64"/>
    <property name="NODE_NAME" value="master"/>
    <property name="PROCESSOR_ARCHITEW6432" value="AMD64"/>
    <property name="java.endorsed.dirs" value="C:\Program Files\Java\jdk1.8.0_171\jre\lib\endorsed"/>
    <property name="BUILD_ID" value="1"/>
    <property name="sun.cpu.isalist" value="amd64"/>
    <property name="sun.jnu.encoding" value="Cp1252"/>
    <property name="file.encoding.pkg" value="sun.io"/>
    <property name="file.separator" value="\"/>
    <property name="java.specification.name" value="Java Platform API Specification"/>
    <property name="java.class.version" value="52.0"/>
    <property name="MVN_HOME" value="C:\apache-maven-3.3.9"/>
    <property name="org.slf4j.simpleLogger.defaultLogLevel" value="info"/>
    <property name="user.country" value="US"/>
    <property name="ALLUSERSPROFILE" value="C:\ProgramData"/>
    <property name="java.home" value="C:\Program Files\Java\jdk1.8.0_171\jre"/>
    <property name="java.vm.info" value="mixed mode"/>
    <property name="os.version" value="10.0"/>
    <property name="RUN_DISPLAY_URL" value="http://localhost:8080/job/BMS-Automation-Component_17_July_VPN/1/display/redirect"/>
    <property name="TMP" value="C:\windows\TEMP"/>
    <property name="path.separator" value=";"/>
    <property name="java.vm.version" value="25.171-b11"/>
    <property name="user.variant" value=""/>
    <property name="JOB_DISPLAY_URL" value="http://localhost:8080/job/BMS-Automation-Component_17_July_VPN/display/redirect"/>
    <property name="CommonProgramFiles(x86)" value="C:\Program Files (x86)\Common Files"/>
    <property name="java.awt.printerjob" value="sun.awt.windows.WPrinterJob"/>
    <property name="JAVA_HOME" value="C:\Program Files\Java\jdk1.8.0_171"/>
    <property name="sun.io.unicode.encoding" value="UnicodeLittle"/>
    <property name="CommonProgramFiles" value="C:\Program Files (x86)\Common Files"/>
    <property name="ComSpec" value="C:\windows\system32\cmd.exe"/>
    <property name="awt.toolkit" value="sun.awt.windows.WToolkit"/>
    <property name="SERVICE_ID" value="Jenkins"/>
    <property name="COMPUTERNAME" value="HDC3-D-514SM17"/>
    <property name="user.script" value=""/>
    <property name="PUBLIC" value="C:\Users\Public"/>
    <property name="user.home" value="C:\windows\system32\config\systemprofile"/>
    <property name="BUILD_TAG" value="jenkins-BMS-Automation-Component_17_July_VPN-1"/>
    <property name="JENKINS_SERVER_COOKIE" value="4184f2862d090a51"/>
    <property name="HUDSON_URL" value="http://localhost:8080/"/>
    <property name="ProgramData" value="C:\ProgramData"/>
    <property name="java.specification.vendor" value="Oracle Corporation"/>
    <property name="USERPROFILE" value="C:\windows\system32\config\systemprofile"/>
    <property name="CLASSPATH" value=""/>
    <property name="java.vendor.url" value="http://java.oracle.com/"/>
    <property name="java.library.path" value="C:\Program Files\Java\jdk1.8.0_171\bin;C:\windows\Sun\Java\bin;C:\windows\system32;C:\windows;C:\apache-maven-3.3.9/bin;C:\Program Files\Java\jdk1.8.0_171/bin;C:\Program Files\Java\jdk1.8.0_171/bin;C:\apache-maven-3.3.9\bin;C:\Program Files\Java\jdk1.8.0_171\bin;C:\windows\system32;C:\windows;C:\windows\System32\Wbem;C:\windows\System32\WindowsPowerShell\v1.0\;C:\Program Files (x86)\Common Files\Oracle\Java\javapath;C:\windows\system32\config\systemprofile\AppData\Local\Microsoft\WindowsApps;."/>
    <property name="java.vm.vendor" value="Oracle Corporation"/>
    <property name="APPDATA" value="C:\windows\system32\config\systemprofile\AppData\Roaming"/>
    <property name="java.runtime.name" value="Java(TM) SE Runtime Environment"/>
    <property name="maven.home" value="C:\apache-maven-3.3.9"/>
    <property name="java.class.path" value="C:\Program Files (x86)\Jenkins\plugins\maven-plugin\WEB-INF\lib\maven33-agent-1.12-alpha-1.jar;C:\apache-maven-3.3.9\boot\plexus-classworlds-2.5.2.jar;C:\apache-maven-3.3.9/conf/logging"/>
    <property name="sun.java.command" value="jenkins.maven3.agent.Maven33Main C:\apache-maven-3.3.9 C:\Program Files (x86)\Jenkins\war\WEB-INF\lib\remoting-3.20.jar C:\Program Files (x86)\Jenkins\plugins\maven-plugin\WEB-INF\lib\maven33-interceptor-1.12-alpha-1.jar C:\Program Files (x86)\Jenkins\plugins\maven-plugin\WEB-INF\lib\maven3-interceptor-commons-1.12-alpha-1.jar 54311"/>
    <property name="Path" value="C:\Program Files\Java\jdk1.8.0_171/bin;C:\apache-maven-3.3.9\bin;C:\Program Files\Java\jdk1.8.0_171\bin;C:\windows\system32;C:\windows;C:\windows\System32\Wbem;C:\windows\System32\WindowsPowerShell\v1.0\;C:\Program Files (x86)\Common Files\Oracle\Java\javapath;C:\windows\system32\config\systemprofile\AppData\Local\Microsoft\WindowsApps"/>
    <property name="java.vm.specification.name" value="Java Virtual Machine Specification"/>
    <property name="PROCESSOR_ARCHITECTURE" value="x86"/>
    <property name="PATH+JDK" value="C:\Program Files\Java\jdk1.8.0_171/bin"/>
    <property name="PROCESSOR_IDENTIFIER" value="AMD64 Family 21 Model 48 Stepping 1, AuthenticAMD"/>
    <property name="java.vm.specification.version" value="1.8"/>
    <property name="sun.os.patch.level" value=""/>
    <property name="sun.cpu.endian" value="little"/>
    <property name="M2_HOME" value="C:\apache-maven-3.3.9"/>
    <property name="java.io.tmpdir" value="C:\windows\TEMP\"/>
    <property name="OS" value="Windows_NT"/>
    <property name="HUDSON_HOME" value="C:\Program Files (x86)\Jenkins"/>
    <property name="PATH+MAVEN" value="C:\apache-maven-3.3.9/bin"/>
    <property name="ProgramFiles(x86)" value="C:\Program Files (x86)"/>
    <property name="BUILD_URL" value="http://localhost:8080/job/BMS-Automation-Component_17_July_VPN/1/"/>
    <property name="java.vendor.url.bug" value="http://bugreport.sun.com/bugreport/"/>
    <property name="java.awt.graphicsenv" value="sun.awt.Win32GraphicsEnvironment"/>
    <property name="os.arch" value="amd64"/>
    <property name="SystemRoot" value="C:\windows"/>
    <property name="java.ext.dirs" value="C:\Program Files\Java\jdk1.8.0_171\jre\lib\ext;C:\windows\Sun\Java\lib\ext"/>
    <property name="user.dir" value="C:\Automation\BMS-Automation-Component"/>
    <property name="JOB_URL" value="http://localhost:8080/job/BMS-Automation-Component_17_July_VPN/"/>
    <property name="USERDOMAIN" value="DIR"/>
    <property name="line.separator" value="&#10;"/>
    <property name="MAVEN_HOME" value="C:\apache-maven-3.3.9"/>
    <property name="java.vm.name" value="Java HotSpot(TM) 64-Bit Server VM"/>
    <property name="BUILD_NUMBER" value="1"/>
    <property name="BASE" value="C:\Program Files (x86)\Jenkins"/>
    <property name="JENKINS_URL" value="http://localhost:8080/"/>
    <property name="PROCESSOR_REVISION" value="3001"/>
    <property name="UATDATA" value="C:\windows\CCM\UATData\D9F8C395-CAB8-491d-B8AC-179A1FE1BE77"/>
    <property name="ProgramW6432" value="C:\Program Files"/>
    <property name="windir" value="C:\windows"/>
    <property name="file.encoding" value="Cp1252"/>
    <property name="SystemDrive" value="C:"/>
    <property name="maven3.interceptor" value="C:\Program Files (x86)\Jenkins\plugins\maven-plugin\WEB-INF\lib\maven33-interceptor-1.12-alpha-1.jar"/>
    <property name="WORKSPACE" value="C:\Program Files (x86)\Jenkins\workspace\BMS-Automation-Component_17_July_VPN"/>
    <property name="maven3.interceptor.common" value="C:\Program Files (x86)\Jenkins\plugins\maven-plugin\WEB-INF\lib\maven3-interceptor-commons-1.12-alpha-1.jar"/>
    <property name="WINSW_EXECUTABLE" value="C:\Program Files (x86)\Jenkins\jenkins.exe"/>
    <property name="java.specification.version" value="1.8"/>
    <property name="PSModulePath" value="C:\Program Files\WindowsPowerShell\Modules;C:\windows\system32\WindowsPowerShell\v1.0\Modules;C:\Program Files (x86)\Microsoft Azure Information Protection\Powershell"/>
  </properties>
  <testcase name="Contact_Us_Positive" classname="com.automation.bms.ContactUs" time="94.143"/>
  <testcase name="Contact_Us_Negative" classname="com.automation.bms.ContactUs" time="43.865"/>
  <testcase name="Gigya_Brazil_Registartion" classname="com.automation.bms.Gigya_Brazil" time="135.743"/>
  <testcase name="Gigya_Brazil_Login" classname="com.automation.bms.Gigya_Brazil" time="134.145"/>
  <testcase name="Gigya_Brazil_Edit_Profile" classname="com.automation.bms.Gigya_Brazil" time="36.163"/>
  <testcase name="Gigya_Brazil_Change_Password" classname="com.automation.bms.Gigya_Brazil" time="44.381"/>
  <testcase name="Gigya_Canada_EN_Registartion" classname="com.automation.bms.Gigya_Canada_EN" time="66.274"/>
  <testcase name="Gigya_Canada_EN_Login" classname="com.automation.bms.Gigya_Canada_EN" time="133.154"/>
  <testcase name="Gigya_Canada_EN_Edit_Profile" classname="com.automation.bms.Gigya_Canada_EN" time="39.864"/>
  <testcase name="Gigya_Canada_EN_Change_Password" classname="com.automation.bms.Gigya_Canada_EN" time="42.049"/>
  <testcase name="Gigya_Canada_FR_Registartion" classname="com.automation.bms.Gigya_Canada_FR" time="69.127"/>
  <testcase name="Gigya_Canada_FR_Login" classname="com.automation.bms.Gigya_Canada_FR" time="135.174"/>
  <testcase name="Gigya_Canada_FR_Edit_Profile" classname="com.automation.bms.Gigya_Canada_FR" time="39.268"/>
  <testcase name="Gigya_Canada_FR_Change_Password" classname="com.automation.bms.Gigya_Canada_FR" time="48.337"/>
  <testcase name="Gigya_Denmark_Registartion" classname="com.automation.bms.Gigya_Denmark" time="104.968"/>
  <testcase name="Gigya_Denmark_Login" classname="com.automation.bms.Gigya_Denmark" time="138.723"/>
  <testcase name="Gigya_Denmark_Edit_Profile" classname="com.automation.bms.Gigya_Denmark" time="75.498"/>
  <testcase name="Gigya_Denmark_Change_Password" classname="com.automation.bms.Gigya_Denmark" time="74.969"/>
  <testcase name="Gigya_Germany_DocChecker_Login" classname="com.automation.bms.Gigya_Germany" time="231.201"/>
  <testcase name="Gigya_Germany_Registartion" classname="com.automation.bms.Gigya_Germany" time="128.449"/>
  <testcase name="Gigya_Germany_Login" classname="com.automation.bms.Gigya_Germany" time="124.48"/>
  <testcase name="Gigya_Germany_Edit_Profile" classname="com.automation.bms.Gigya_Germany" time="123.129"/>
  <testcase name="Gigya_Germany_Change_Password" classname="com.automation.bms.Gigya_Germany" time="117.154"/>
  <testcase name="Gigya_Austria_DocChecker_Login" classname="com.automation.bms.Gigya_Austria" time="38.607"/>
  <testcase name="Gigya_Latam_Registartion" classname="com.automation.bms.Gigya_Latam" time="150.795"/>
  <testcase name="Gigya_Latam_Edit_Profile" classname="com.automation.bms.Gigya_Latam" time="37.276"/>
  <testcase name="Gigya_Latam_Login" classname="com.automation.bms.Gigya_Latam" time="134.18"/>
  <testcase name="Gigya_Latam_Change_Password" classname="com.automation.bms.Gigya_Latam" time="43.422"/>
  <testcase name="Gigya_Belgium_EN_Registartion" classname="com.automation.bms.Gigya_Belgium_EN" time="102.5"/>
  <testcase name="Gigya_Belgium_EN_Login" classname="com.automation.bms.Gigya_Belgium_EN" time="137.781"/>
  <testcase name="Gigya_Belgium_EN_Edit_Profile" classname="com.automation.bms.Gigya_Belgium_EN" time="49.585"/>
  <testcase name="Gigya_Belgium_EN_Change_Password" classname="com.automation.bms.Gigya_Belgium_EN" time="43.912"/>
  <testcase name="Gigya_Belgium_FR_Registartion" classname="com.automation.bms.Gigya_Belgium_FR" time="101.147"/>
  <testcase name="Gigya_Belgium_FR_Login" classname="com.automation.bms.Gigya_Belgium_FR" time="144.001"/>
  <testcase name="Gigya_Belgium_FR_Edit_Profile" classname="com.automation.bms.Gigya_Belgium_FR" time="50.549"/>
  <testcase name="Gigya_Belgium_FR_Change_Password" classname="com.automation.bms.Gigya_Belgium_FR" time="44.41"/>
  <testcase name="Gigya_Belgium_NL_Registartion" classname="com.automation.bms.Gigya_Belgium_NL" time="99.062"/>
  <testcase name="Gigya_Belgium_NL_Login" classname="com.automation.bms.Gigya_Belgium_NL" time="139.097"/>
  <testcase name="Gigya_Belgium_NL_Edit_Profile" classname="com.automation.bms.Gigya_Belgium_NL" time="40.462"/>
  <testcase name="Gigya_Belgium_NL_Change_Password" classname="com.automation.bms.Gigya_Belgium_NL" time="48.941"/>
</testsuite>