<?xml version="1.0" encoding="UTF-8"?>
<!-- Generated by org.testng.reporters.JUnitReportReporter -->
<testsuite skipped="0" hostname="HDC3-L-4B4PLC2" name="com.automation.bms.Gigya_Germany" tests="5" failures="0" timestamp="25 May 2018 11:53:30 GMT" time="586.044" errors="0">
  <testcase name="Gigya_Germany_Login" time="123.865" classname="com.automation.bms.Gigya_Germany"/>
  <testcase name="Gigya_Germany_DocChecker_Login" time="82.828" classname="com.automation.bms.Gigya_Germany"/>
  <testcase name="Gigya_Germany_Edit_Profile" time="147.146" classname="com.automation.bms.Gigya_Germany"/>
  <testcase name="Gigya_Germany_Change_Password" time="140.397" classname="com.automation.bms.Gigya_Germany"/>
  <testcase name="Gigya_Germany_Registartion" time="91.808" classname="com.automation.bms.Gigya_Germany"/>
</testsuite> <!-- com.automation.bms.Gigya_Germany -->
