<?xml version="1.0" encoding="UTF-8"?>
<!-- Generated by org.testng.reporters.JUnitReportReporter -->
<testsuite skipped="0" hostname="HDC3-L-4B4PLC2" name="com.automation.bms.Gigya" tests="2" failures="0" timestamp="27 Apr 2018 05:43:13 GMT" time="230.611" errors="0">
  <testcase name="Gigya_Brazil_Registartion" time="86.059" classname="com.automation.bms.Gigya"/>
  <testcase name="Gigya_Brazil_Login" time="144.552" classname="com.automation.bms.Gigya"/>
</testsuite> <!-- com.automation.bms.Gigya -->
