<?xml version="1.0" encoding="UTF-8"?>
<!-- Generated by org.testng.reporters.JUnitReportReporter -->
<testsuite skipped="0" hostname="HDC3-D-514SM17" name="com.automation.bms.Gigya_Brazil" tests="4" failures="0" timestamp="18 Jul 2018 05:57:08 GMT" time="528.290" errors="0">
  <testcase name="Gigya_Brazil_Login" time="115.118" classname="com.automation.bms.Gigya_Brazil"/>
  <testcase name="Gigya_Brazil_Registartion" time="186.243" classname="com.automation.bms.Gigya_Brazil"/>
  <testcase name="Gigya_Brazil_Change_Password" time="108.448" classname="com.automation.bms.Gigya_Brazil"/>
  <testcase name="Gigya_Brazil_Edit_Profile" time="118.481" classname="com.automation.bms.Gigya_Brazil"/>
</testsuite> <!-- com.automation.bms.Gigya_Brazil -->
