<?xml version="1.0" encoding="UTF-8"?>
<!-- Generated by org.testng.reporters.JUnitReportReporter -->
<testsuite skipped="0" hostname="HDC3-D-514SM17" name="com.automation.bms.PipeLineTest" tests="1" failures="0" timestamp="25 Jul 2018 14:03:22 GMT" time="202.934" errors="0">
  <testcase name="positive" time="202.934" classname="com.automation.bms.PipeLineTest"/>
</testsuite> <!-- com.automation.bms.PipeLineTest -->
