<?xml version="1.0" encoding="UTF-8"?>
<!-- Generated by org.testng.reporters.JUnitReportReporter -->
<testsuite skipped="0" hostname="HDC3-L-4B4PLC2" name="com.automation.bms.Gigya_Austria" tests="1" failures="0" timestamp="10 May 2018 09:32:53 GMT" time="97.374" errors="0">
  <testcase name="Gigya_Austria_DocChecker_Login" time="97.374" classname="com.automation.bms.Gigya_Austria"/>
</testsuite> <!-- com.automation.bms.Gigya_Austria -->
