<?xml version="1.0" encoding="UTF-8"?>
<!-- Generated by org.testng.reporters.JUnitReportReporter -->
<testsuite skipped="0" hostname="HDC3-L-4B4PLC2" name="com.automation.bms.Gigya_Latam" tests="1" failures="0" timestamp="31 May 2018 09:06:58 GMT" time="68.425" errors="0">
  <testcase name="Gigya_Latam_Registartion" time="68.425" classname="com.automation.bms.Gigya_Latam"/>
</testsuite> <!-- com.automation.bms.Gigya_Latam -->
