<?xml version="1.0" encoding="UTF-8"?>
<!-- Generated by org.testng.reporters.JUnitReportReporter -->
<testsuite skipped="0" hostname="HDC3-L-4B4PLC2" name="com.automation.bms.ContactUs_Perf" tests="1" failures="0" timestamp="02 May 2018 09:11:19 GMT" time="42.608" errors="0">
  <testcase name="Contact_Us_Positive_Perf" time="42.608" classname="com.automation.bms.ContactUs_Perf"/>
</testsuite> <!-- com.automation.bms.ContactUs_Perf -->
