<?xml version="1.0" encoding="UTF-8"?>
<!-- Generated by org.testng.reporters.JUnitReportReporter -->
<testsuite skipped="0" hostname="HDC3-D-514SM17" name="com.automation.bms.PipeLine" tests="1" failures="0" timestamp="26 Jul 2018 08:13:19 GMT" time="159.624" errors="0">
  <testcase name="PipeLine_Positive" time="159.624" classname="com.automation.bms.PipeLine"/>
</testsuite> <!-- com.automation.bms.PipeLine -->
