<?xml version="1.0" encoding="UTF-8"?>
<!-- Generated by org.testng.reporters.JUnitReportReporter -->
<testsuite skipped="0" hostname="HDC3-L-4B4PLC2" name="com.automation.library.TestCase1" tests="2" failures="0" timestamp="08 Nov 2017 11:54:22 GMT" time="5.265" errors="0">
  <testcase name="testMethod2" time="1.547" classname="com.automation.library.TestCase1"/>
  <testcase name="testMethod1" time="3.718" classname="com.automation.library.TestCase1"/>
</testsuite> <!-- com.automation.library.TestCase1 -->
