<?xml version="1.0" encoding="UTF-8"?>
<!-- Generated by org.testng.reporters.JUnitReportReporter -->
<testsuite skipped="0" hostname="HDC3-L-4B4PLC2" name="com.automation.bms.Gigya_Austria_CBT" tests="1" failures="0" timestamp="10 May 2018 11:47:36 GMT" time="177.404" errors="0">
  <testcase name="Gigya_Austria_DocChecker_Login_CBT" time="177.404" classname="com.automation.bms.Gigya_Austria_CBT"/>
</testsuite> <!-- com.automation.bms.Gigya_Austria_CBT -->
