<?xml version="1.0" encoding="UTF-8"?>
<!-- Generated by org.testng.reporters.JUnitReportReporter -->
<testsuite skipped="0" hostname="HDC3-L-4B4PLC2" name="regression_testcases.TestCase1" tests="2" failures="0" timestamp="08 Nov 2017 10:58:29 GMT" time="5.693" errors="0">
  <testcase name="testMethod1" time="3.830" classname="regression_testcases.TestCase1"/>
  <testcase name="testMethod2" time="1.863" classname="regression_testcases.TestCase1"/>
</testsuite> <!-- regression_testcases.TestCase1 -->
