<?xml version="1.0" encoding="UTF-8"?>
<!-- Generated by org.testng.reporters.JUnitReportReporter -->
<testsuite skipped="0" hostname="HDC3-L-4B4PLC2" name="com.automation.bms.Gigya_Belgium_FR" tests="4" failures="0" timestamp="01 Jun 2018 10:02:06 GMT" time="390.700" errors="0">
  <testcase name="Gigya_Belgium_FR_Edit_Profile" time="109.331" classname="com.automation.bms.Gigya_Belgium_FR"/>
  <testcase name="Gigya_Belgium_FR_Change_Password" time="100.481" classname="com.automation.bms.Gigya_Belgium_FR"/>
  <testcase name="Gigya_Belgium_FR_Login" time="97.164" classname="com.automation.bms.Gigya_Belgium_FR"/>
  <testcase name="Gigya_Belgium_FR_Registartion" time="83.724" classname="com.automation.bms.Gigya_Belgium_FR"/>
</testsuite> <!-- com.automation.bms.Gigya_Belgium_FR -->
