<?xml version="1.0" encoding="UTF-8"?>
<!-- Generated by org.testng.reporters.JUnitReportReporter -->
<testsuite skipped="0" hostname="HDC3-L-4B4PLC2" name="com.automation.test.TestCase1" tests="1" failures="0" timestamp="08 Nov 2017 14:01:56 GMT" time="13.723" errors="0">
  <testcase name="testMethod1" time="13.723" classname="com.automation.test.TestCase1"/>
</testsuite> <!-- com.automation.test.TestCase1 -->
