<?xml version="1.0" encoding="UTF-8"?>
<!-- Generated by org.testng.reporters.JUnitReportReporter -->
<testsuite skipped="0" hostname="HDC3-L-4B4PLC2" name="com.automation.bms.Gigya_Belgium_NL" tests="4" failures="0" timestamp="01 Jun 2018 10:34:16 GMT" time="385.610" errors="0">
  <testcase name="Gigya_Belgium_NL_Login" time="90.412" classname="com.automation.bms.Gigya_Belgium_NL"/>
  <testcase name="Gigya_Belgium_NL_Change_Password" time="98.164" classname="com.automation.bms.Gigya_Belgium_NL"/>
  <testcase name="Gigya_Belgium_NL_Edit_Profile" time="109.287" classname="com.automation.bms.Gigya_Belgium_NL"/>
  <testcase name="Gigya_Belgium_NL_Registartion" time="87.747" classname="com.automation.bms.Gigya_Belgium_NL"/>
</testsuite> <!-- com.automation.bms.Gigya_Belgium_NL -->
