<?xml version="1.0" encoding="UTF-8"?>
<!-- Generated by org.testng.reporters.JUnitReportReporter -->
<testsuite skipped="0" hostname="HDC3-D-514SM17" name="com.automation.bms.ContactUs" tests="2" failures="0" timestamp="17 Jul 2018 12:57:23 GMT" time="128.992" errors="0">
  <testcase name="Contact_Us_Negative" time="63.698" classname="com.automation.bms.ContactUs"/>
  <testcase name="Contact_Us_Positive" time="65.294" classname="com.automation.bms.ContactUs"/>
</testsuite> <!-- com.automation.bms.ContactUs -->
