<?xml version="1.0" encoding="UTF-8"?>
<!-- Generated by org.testng.reporters.JUnitReportReporter -->
<testsuite skipped="0" hostname="HDC3-D-514SM17" name="com.automation.bms.IEBasicAuthTest" tests="1" failures="0" timestamp="27 Jul 2018 07:31:28 GMT" time="29.012" errors="0">
  <testcase name="basicAuth" time="29.012" classname="com.automation.bms.IEBasicAuthTest"/>
</testsuite> <!-- com.automation.bms.IEBasicAuthTest -->
