<?xml version="1.0" encoding="UTF-8"?>
<!-- Generated by org.testng.reporters.JUnitReportReporter -->
<testsuite skipped="0" hostname="HDC3-D-514SM17" name="com.automation.bms.PipeLine_Filter" tests="1" failures="0" timestamp="05 Jul 2018 09:50:57 GMT" time="74.093" errors="0">
  <testcase name="PipeLine_Positive" time="74.093" classname="com.automation.bms.PipeLine_Filter"/>
</testsuite> <!-- com.automation.bms.PipeLine_Filter -->
