<?xml version="1.0" encoding="UTF-8"?>
<!-- Generated by org.testng.reporters.JUnitReportReporter -->
<testsuite skipped="0" hostname="HDC3-L-4B4PLC2" name="com.automation.DRS.DRS_AEMWebForm" tests="1" failures="0" timestamp="23 Jan 2018 12:12:47 GMT" time="131.990" errors="0">
  <testcase name="FieldValidation_K12" time="131.990" classname="com.automation.DRS.DRS_AEMWebForm"/>
</testsuite> <!-- com.automation.DRS.DRS_AEMWebForm -->
