<?xml version="1.0" encoding="UTF-8"?>
<!-- Generated by org.testng.reporters.JUnitReportReporter -->
<testsuite skipped="0" hostname="HDC3-L-4B4PLC2" name="com.automation.bms.Gigya_Canada_FR" tests="1" failures="0" timestamp="08 May 2018 10:18:10 GMT" time="103.644" errors="0">
  <testcase name="Gigya_Canada_FR_Change_Password" time="103.644" classname="com.automation.bms.Gigya_Canada_FR"/>
</testsuite> <!-- com.automation.bms.Gigya_Canada_FR -->
