<?xml version="1.0" encoding="UTF-8"?>
<!-- Generated by org.testng.reporters.JUnitReportReporter -->
<testsuite skipped="0" hostname="HDC3-L-4B4PLC2" name="com.automation.bms.Gigya_Canada_EN" tests="1" failures="0" timestamp="08 May 2018 10:10:30 GMT" time="118.094" errors="0">
  <testcase name="Gigya_Canada_EN_Edit_Profile" time="118.094" classname="com.automation.bms.Gigya_Canada_EN"/>
</testsuite> <!-- com.automation.bms.Gigya_Canada_EN -->
