<?xml version="1.0" encoding="UTF-8"?>
<!-- Generated by org.testng.reporters.JUnitReportReporter -->
<testsuite skipped="0" hostname="HDC3-L-4B4PLC2" name="com.automation.bms.Gigya_Belgium_EN" tests="4" failures="0" timestamp="01 Jun 2018 08:10:55 GMT" time="411.509" errors="0">
  <testcase name="Gigya_Belgium_EN_Change_Password" time="108.524" classname="com.automation.bms.Gigya_Belgium_EN"/>
  <testcase name="Gigya_Belgium_EN_Registartion" time="85.175" classname="com.automation.bms.Gigya_Belgium_EN"/>
  <testcase name="Gigya_Belgium_EN_Edit_Profile" time="120.987" classname="com.automation.bms.Gigya_Belgium_EN"/>
  <testcase name="Gigya_Belgium_EN_Login" time="96.823" classname="com.automation.bms.Gigya_Belgium_EN"/>
</testsuite> <!-- com.automation.bms.Gigya_Belgium_EN -->
