<?xml version="1.0" encoding="UTF-8"?>
<!-- Generated by org.testng.reporters.JUnitReportReporter -->
<testsuite skipped="0" hostname="HDC3-D-514SM17" name="com.automation.bms.Competitive_Research_Grants" tests="1" failures="0" timestamp="09 Jul 2018 12:45:29 GMT" time="88.510" errors="0">
  <testcase name="Competitive_Research_NorthAmerica" time="88.510" classname="com.automation.bms.Competitive_Research_Grants"/>
</testsuite> <!-- com.automation.bms.Competitive_Research_Grants -->
