<?xml version="1.0" encoding="UTF-8"?>
<!-- Generated by org.testng.reporters.JUnitReportReporter -->
<testsuite skipped="0" hostname="HDC3-D-514SM17" name="com.automation.bms.Competitive_Research" tests="1" failures="0" timestamp="25 Jul 2018 05:56:56 GMT" time="88.505" errors="0">
  <testcase name="Competitive_Research_NorthAmerica" time="88.505" classname="com.automation.bms.Competitive_Research"/>
</testsuite> <!-- com.automation.bms.Competitive_Research -->
