<?xml version="1.0" encoding="UTF-8"?>
<!-- Generated by org.testng.reporters.JUnitReportReporter -->
<testsuite skipped="0" hostname="HDC3-L-4B4PLC2" name="com.automation.regressionTest.TestCase1" tests="2" failures="0" timestamp="08 Nov 2017 11:56:39 GMT" time="5.012" errors="0">
  <testcase name="testMethod1" time="3.476" classname="com.automation.regressionTest.TestCase1"/>
  <testcase name="testMethod2" time="1.536" classname="com.automation.regressionTest.TestCase1"/>
</testsuite> <!-- com.automation.regressionTest.TestCase1 -->
