<?xml version="1.0" encoding="UTF-8"?>
<!-- Generated by org.testng.reporters.JUnitReportReporter -->
<testsuite skipped="0" hostname="HDC3-L-4B4PLC2" name="com.automation.bms.Gigya_Denmark" tests="1" failures="0" timestamp="09 May 2018 05:04:49 GMT" time="115.342" errors="0">
  <testcase name="Gigya_Denmark_Registartion" time="115.342" classname="com.automation.bms.Gigya_Denmark"/>
</testsuite> <!-- com.automation.bms.Gigya_Denmark -->
