<?xml version="1.0" encoding="UTF-8"?>
<!-- Generated by org.testng.reporters.JUnitReportReporter -->
<testsuite skipped="0" hostname="HDC3-D-514SM17" name="com.automation.bms.PipeLine_Filters" tests="1" failures="0" timestamp="18 Jul 2018 12:22:20 GMT" time="42.404" errors="0">
  <testcase name="applyArrowMarkup" time="42.404" classname="com.automation.bms.PipeLine_Filters"/>
</testsuite> <!-- com.automation.bms.PipeLine_Filters -->
