<?xml version="1.0" encoding="UTF-8"?>
<!-- Generated by org.testng.reporters.JUnitReportReporter -->
<testsuite hostname="HDC3-D-514SM17" name="com.automation.bms.Gigya_Belgium_FR" tests="4" failures="0" timestamp="17 Jul 2018 14:09:50 GMT" time="340.104" errors="0">
  <testcase name="Gigya_Belgium_FR_Change_Password" time="44.431" classname="com.automation.bms.Gigya_Belgium_FR"/>
  <testcase name="Gigya_Belgium_FR_Registartion" time="101.144" classname="com.automation.bms.Gigya_Belgium_FR"/>
  <testcase name="Gigya_Belgium_FR_Login" time="143.993" classname="com.automation.bms.Gigya_Belgium_FR"/>
  <testcase name="Gigya_Belgium_FR_Edit_Profile" time="50.536" classname="com.automation.bms.Gigya_Belgium_FR"/>
</testsuite> <!-- com.automation.bms.Gigya_Belgium_FR -->
