<?xml version="1.0" encoding="UTF-8"?>
<!-- Generated by org.testng.reporters.JUnitReportReporter -->
<testsuite hostname="HDC3-D-514SM17" name="com.automation.bms.Gigya_Denmark" tests="4" failures="0" timestamp="17 Jul 2018 14:09:50 GMT" time="394.159" errors="0">
  <testcase name="Gigya_Denmark_Change_Password" time="74.970" classname="com.automation.bms.Gigya_Denmark"/>
  <testcase name="Gigya_Denmark_Edit_Profile" time="75.498" classname="com.automation.bms.Gigya_Denmark"/>
  <testcase name="Gigya_Denmark_Login" time="138.722" classname="com.automation.bms.Gigya_Denmark"/>
  <testcase name="Gigya_Denmark_Registartion" time="104.969" classname="com.automation.bms.Gigya_Denmark"/>
</testsuite> <!-- com.automation.bms.Gigya_Denmark -->
