<?xml version="1.0" encoding="UTF-8"?>
<!-- Generated by org.testng.reporters.JUnitReportReporter -->
<testsuite hostname="HDC3-D-514SM17" name="com.automation.bms.ContactUs" tests="2" failures="0" timestamp="17 Jul 2018 14:09:50 GMT" time="137.990" errors="0">
  <testcase name="Contact_Us_Negative" time="43.892" classname="com.automation.bms.ContactUs"/>
  <testcase name="Contact_Us_Positive" time="94.098" classname="com.automation.bms.ContactUs"/>
</testsuite> <!-- com.automation.bms.ContactUs -->
