<?xml version="1.0" encoding="UTF-8"?>
<!-- Generated by org.testng.reporters.JUnitReportReporter -->
<testsuite hostname="HDC3-D-514SM17" name="com.automation.bms.Gigya_Austria" tests="1" failures="0" timestamp="17 Jul 2018 14:09:50 GMT" time="38.601" errors="0">
  <testcase name="Gigya_Austria_DocChecker_Login" time="38.601" classname="com.automation.bms.Gigya_Austria"/>
</testsuite> <!-- com.automation.bms.Gigya_Austria -->
