<?xml version="1.0" encoding="UTF-8"?>
<!-- Generated by org.testng.reporters.JUnitReportReporter -->
<testsuite hostname="HDC3-D-514SM17" name="com.automation.bms.Gigya_Belgium_NL" tests="4" failures="0" timestamp="17 Jul 2018 14:09:50 GMT" time="327.548" errors="0">
  <testcase name="Gigya_Belgium_NL_Change_Password" time="48.928" classname="com.automation.bms.Gigya_Belgium_NL"/>
  <testcase name="Gigya_Belgium_NL_Edit_Profile" time="40.465" classname="com.automation.bms.Gigya_Belgium_NL"/>
  <testcase name="Gigya_Belgium_NL_Registartion" time="99.021" classname="com.automation.bms.Gigya_Belgium_NL"/>
  <testcase name="Gigya_Belgium_NL_Login" time="139.134" classname="com.automation.bms.Gigya_Belgium_NL"/>
</testsuite> <!-- com.automation.bms.Gigya_Belgium_NL -->
