<?xml version="1.0" encoding="UTF-8"?>
<!-- Generated by org.testng.reporters.JUnitReportReporter -->
<testsuite hostname="HDC3-D-514SM17" name="com.automation.bms.Gigya_Brazil" tests="4" failures="0" timestamp="17 Jul 2018 14:09:50 GMT" time="350.441" errors="0">
  <testcase name="Gigya_Brazil_Registartion" time="135.752" classname="com.automation.bms.Gigya_Brazil"/>
  <testcase name="Gigya_Brazil_Edit_Profile" time="36.163" classname="com.automation.bms.Gigya_Brazil"/>
  <testcase name="Gigya_Brazil_Login" time="134.148" classname="com.automation.bms.Gigya_Brazil"/>
  <testcase name="Gigya_Brazil_Change_Password" time="44.378" classname="com.automation.bms.Gigya_Brazil"/>
</testsuite> <!-- com.automation.bms.Gigya_Brazil -->
