<?xml version="1.0" encoding="UTF-8"?>
<!-- Generated by org.testng.reporters.JUnitReportReporter -->
<testsuite hostname="HDC3-D-514SM17" name="com.automation.bms.Gigya_Belgium_EN" tests="4" failures="0" timestamp="17 Jul 2018 14:09:50 GMT" time="333.832" errors="0">
  <testcase name="Gigya_Belgium_EN_Edit_Profile" time="49.584" classname="com.automation.bms.Gigya_Belgium_EN"/>
  <testcase name="Gigya_Belgium_EN_Registartion" time="102.555" classname="com.automation.bms.Gigya_Belgium_EN"/>
  <testcase name="Gigya_Belgium_EN_Change_Password" time="43.913" classname="com.automation.bms.Gigya_Belgium_EN"/>
  <testcase name="Gigya_Belgium_EN_Login" time="137.780" classname="com.automation.bms.Gigya_Belgium_EN"/>
</testsuite> <!-- com.automation.bms.Gigya_Belgium_EN -->
