<?xml version="1.0" encoding="UTF-8"?>
<!-- Generated by org.testng.reporters.JUnitReportReporter -->
<testsuite hostname="HDC3-D-514SM17" name="com.automation.bms.Gigya_Canada_EN" tests="4" failures="0" timestamp="17 Jul 2018 14:09:50 GMT" time="281.419" errors="0">
  <testcase name="Gigya_Canada_EN_Registartion" time="66.308" classname="com.automation.bms.Gigya_Canada_EN"/>
  <testcase name="Gigya_Canada_EN_Change_Password" time="42.094" classname="com.automation.bms.Gigya_Canada_EN"/>
  <testcase name="Gigya_Canada_EN_Edit_Profile" time="39.864" classname="com.automation.bms.Gigya_Canada_EN"/>
  <testcase name="Gigya_Canada_EN_Login" time="133.153" classname="com.automation.bms.Gigya_Canada_EN"/>
</testsuite> <!-- com.automation.bms.Gigya_Canada_EN -->
