<?xml version="1.0" encoding="UTF-8"?>
<!-- Generated by org.testng.reporters.JUnitReportReporter -->
<testsuite hostname="HDC3-D-514SM17" name="com.automation.bms.Gigya_Latam" tests="4" failures="0" timestamp="17 Jul 2018 14:09:50 GMT" time="365.617" errors="0">
  <testcase name="Gigya_Latam_Edit_Profile" time="37.317" classname="com.automation.bms.Gigya_Latam"/>
  <testcase name="Gigya_Latam_Registartion" time="150.756" classname="com.automation.bms.Gigya_Latam"/>
  <testcase name="Gigya_Latam_Login" time="134.178" classname="com.automation.bms.Gigya_Latam"/>
  <testcase name="Gigya_Latam_Change_Password" time="43.366" classname="com.automation.bms.Gigya_Latam"/>
</testsuite> <!-- com.automation.bms.Gigya_Latam -->
