<?xml version="1.0" encoding="UTF-8"?>
<!-- Generated by org.testng.reporters.JUnitReportReporter -->
<testsuite hostname="HDC3-D-514SM17" name="com.automation.bms.Gigya_Germany" tests="5" failures="0" timestamp="17 Jul 2018 14:09:50 GMT" time="724.416" errors="0">
  <testcase name="Gigya_Germany_DocChecker_Login" time="231.201" classname="com.automation.bms.Gigya_Germany"/>
  <testcase name="Gigya_Germany_Edit_Profile" time="123.129" classname="com.automation.bms.Gigya_Germany"/>
  <testcase name="Gigya_Germany_Registartion" time="128.451" classname="com.automation.bms.Gigya_Germany"/>
  <testcase name="Gigya_Germany_Change_Password" time="117.155" classname="com.automation.bms.Gigya_Germany"/>
  <testcase name="Gigya_Germany_Login" time="124.480" classname="com.automation.bms.Gigya_Germany"/>
</testsuite> <!-- com.automation.bms.Gigya_Germany -->
