<?xml version="1.0" encoding="UTF-8"?>
<!-- Generated by org.testng.reporters.JUnitReportReporter -->
<testsuite hostname="HDC3-D-514SM17" name="com.automation.bms.Gigya_Canada_FR" tests="4" failures="0" timestamp="17 Jul 2018 14:09:50 GMT" time="291.919" errors="0">
  <testcase name="Gigya_Canada_FR_Registartion" time="69.147" classname="com.automation.bms.Gigya_Canada_FR"/>
  <testcase name="Gigya_Canada_FR_Login" time="135.163" classname="com.automation.bms.Gigya_Canada_FR"/>
  <testcase name="Gigya_Canada_FR_Change_Password" time="48.337" classname="com.automation.bms.Gigya_Canada_FR"/>
  <testcase name="Gigya_Canada_FR_Edit_Profile" time="39.272" classname="com.automation.bms.Gigya_Canada_FR"/>
</testsuite> <!-- com.automation.bms.Gigya_Canada_FR -->
